<?xml version="1.0" encoding="UTF-8"?>
<testsuite xmlns:xsi="http://www.w3.org/2001/XMLSchema-instance" xsi:noNamespaceSchemaLocation="https://maven.apache.org/surefire/maven-surefire-plugin/xsd/surefire-test-report-3.0.xsd" version="3.0" name="br.com.fiap.mottooth.model.MotoTest" time="0.023" tests="3" errors="0" skipped="0" failures="0">
  <properties>
[...]
</properties>
  <testcase name="deveValidarPlacaNaoNula" classname="br.com.fiap.mottooth.model.MotoTest" time="0.005"/>
  <testcase name="deveCriarMotoComSucesso" classname="br.com.fiap.mottooth.model.MotoTest" time="0.003"/>
  <testcase name="deveValidarIdNulo" classname="br.com.fiap.mottooth.model.MotoTest" time="0.004"/>
</testsuite>