<?xml version="1.0" encoding="UTF-8"?>
<testsuite xmlns:xsi="http://www.w3.org/2001/XMLSchema-instance" xsi:noNamespaceSchemaLocation="https://maven.apache.org/surefire/maven-surefire-plugin/xsd/surefire-test-report-3.0.xsd" version="3.0" name="br.com.fiap.mottooth.MottoothApplicationTests" time="21.798" tests="1" errors="0" skipped="0" failures="0">
  <properties>
[...]
</properties>
  <testcase name="contextLoads" classname="br.com.fiap.mottooth.MottoothApplicationTests" time="0.9">
    <system-out><![CDATA[21:57:13.465 [main] INFO org.springframework.test.context.support.AnnotationConfigContextLoaderUtils -- Could not detect default configuration classes for test class [br.com.fiap.mottooth.MottoothApplicationTests]: MottoothApplicationTests does not declare any static, non-private, non-final, nested classes annotated with @Configuration.
21:57:13.824 [main] INFO org.springframework.boot.test.context.SpringBootTestContextBootstrapper -- Found @SpringBootConfiguration br.com.fiap.mottooth.MottothApplication for test class br.com.fiap.mottooth.MottoothApplicationTests

  .   ____          _            __ _ _
 /\\ / ___'_ __ _ _(_)_ __  __ _ \ \ \ \
( ( )\___ | '_ | '_| | '_ \/ _` | \ \ \ \
 \\/  ___)| |_)| | | | | || (_| |  ) ) ) )
  '  |____| .__|_| |_|_| |_\__, | / / / /
 =========|_|==============|___/=/_/_/_/
 :: Spring Boot ::                (v3.2.3)

2025-11-04T21:57:15.215-03:00  INFO 37521 --- [           main] b.c.f.mottooth.MottoothApplicationTests  : Starting MottoothApplicationTests using Java 21.0.8 with PID 37521 (started by arthur in /home/arthur/IdeaProjects/mottooth-java)
2025-11-04T21:57:15.218-03:00  INFO 37521 --- [           main] b.c.f.mottooth.MottoothApplicationTests  : No active profile set, falling back to 1 default profile: "default"
2025-11-04T21:57:15.366-03:00 DEBUG 37521 --- [           main] o.s.w.c.s.GenericWebApplicationContext   : Refreshing org.springframework.web.context.support.GenericWebApplicationContext@58783f6c
2025-11-04T21:57:18.353-03:00  INFO 37521 --- [           main] .s.d.r.c.RepositoryConfigurationDelegate : Bootstrapping Spring Data JPA repositories in DEFAULT mode.
2025-11-04T21:57:18.563-03:00  INFO 37521 --- [           main] .s.d.r.c.RepositoryConfigurationDelegate : Finished Spring Data repository scanning in 198 ms. Found 21 JPA repository interfaces.
2025-11-04T21:57:20.607-03:00  INFO 37521 --- [           main] com.zaxxer.hikari.HikariDataSource       : HikariPool-1 - Starting...
2025-11-04T21:57:21.914-03:00  INFO 37521 --- [           main] com.zaxxer.hikari.pool.HikariPool        : HikariPool-1 - Added connection oracle.jdbc.driver.T4CConnection@20216016
2025-11-04T21:57:21.920-03:00  INFO 37521 --- [           main] com.zaxxer.hikari.HikariDataSource       : HikariPool-1 - Start completed.
2025-11-04T21:57:22.066-03:00  INFO 37521 --- [           main] o.f.c.internal.license.VersionPrinter    : Flyway Community Edition 9.22.3 by Redgate
2025-11-04T21:57:22.067-03:00  INFO 37521 --- [           main] o.f.c.internal.license.VersionPrinter    : See release notes here: https://rd.gt/416ObMi
2025-11-04T21:57:22.067-03:00  INFO 37521 --- [           main] o.f.c.internal.license.VersionPrinter    : 
2025-11-04T21:57:22.089-03:00  INFO 37521 --- [           main] org.flywaydb.core.FlywayExecutor         : Database: jdbc:oracle:thin:@oracle.fiap.com.br:1521:orcl (Oracle 19.0)
2025-11-04T21:57:22.838-03:00  INFO 37521 --- [           main] o.f.core.internal.command.DbValidate     : Successfully validated 14 migrations (execution time 00:00.281s)
2025-11-04T21:57:23.143-03:00  INFO 37521 --- [           main] o.f.core.internal.command.DbMigrate      : Current version of schema "RM556099": 13
2025-11-04T21:57:23.180-03:00  INFO 37521 --- [           main] o.f.core.internal.command.DbMigrate      : Schema "RM556099" is up to date. No migration necessary.
2025-11-04T21:57:23.352-03:00  INFO 37521 --- [           main] o.hibernate.jpa.internal.util.LogHelper  : HHH000204: Processing PersistenceUnitInfo [name: default]
2025-11-04T21:57:23.469-03:00  INFO 37521 --- [           main] org.hibernate.Version                    : HHH000412: Hibernate ORM core version 6.4.4.Final
2025-11-04T21:57:23.527-03:00  INFO 37521 --- [           main] o.h.c.internal.RegionFactoryInitiator    : HHH000026: Second-level cache disabled
2025-11-04T21:57:23.932-03:00  INFO 37521 --- [           main] o.s.o.j.p.SpringPersistenceUnitInfo      : No LoadTimeWeaver setup: ignoring JPA class transformer
2025-11-04T21:57:24.039-03:00  WARN 37521 --- [           main] org.hibernate.orm.deprecation            : HHH90000025: OracleDialect does not need to be specified explicitly using 'hibernate.dialect' (remove the property setting and it will be selected by default)
2025-11-04T21:57:26.692-03:00  INFO 37521 --- [           main] o.h.e.t.j.p.i.JtaPlatformInitiator       : HHH000489: No JTA platform available (set 'hibernate.transaction.jta.platform' to enable JTA platform integration)
2025-11-04T21:57:26.697-03:00  INFO 37521 --- [           main] j.LocalContainerEntityManagerFactoryBean : Initialized JPA EntityManagerFactory for persistence unit 'default'
2025-11-04T21:57:26.810-03:00  INFO 37521 --- [           main] o.s.s.p.JdbcUserDetailsManager           : No authentication manager set. Reauthentication of users when changing passwords will not be performed.
2025-11-04T21:57:27.529-03:00  INFO 37521 --- [           main] o.s.d.j.r.query.QueryEnhancerFactory     : Hibernate is in classpath; If applicable, HQL parser will be used.
2025-11-04T21:57:30.626-03:00  INFO 37521 --- [           main] o.s.b.a.w.s.WelcomePageHandlerMapping    : Adding welcome page template: index
2025-11-04T21:57:30.851-03:00 DEBUG 37521 --- [           main] s.w.s.m.m.a.RequestMappingHandlerMapping : 54 mappings in 'requestMappingHandlerMapping'
2025-11-04T21:57:31.124-03:00 DEBUG 37521 --- [           main] o.s.w.s.handler.SimpleUrlHandlerMapping  : Patterns [/webjars/**, /**, /swagger-ui*/*swagger-initializer.js, /swagger-ui*/**] in 'resourceHandlerMapping'
2025-11-04T21:57:31.217-03:00  INFO 37521 --- [           main] o.s.s.web.DefaultSecurityFilterChain     : Will secure Or [Mvc [pattern='/api/**']] with [org.springframework.security.web.session.DisableEncodeUrlFilter@684d5845, org.springframework.security.web.context.request.async.WebAsyncManagerIntegrationFilter@3426ce80, org.springframework.security.web.context.SecurityContextHolderFilter@280de5ae, org.springframework.security.web.header.HeaderWriterFilter@46b32aa3, org.springframework.web.filter.CorsFilter@10742c78, org.springframework.security.web.authentication.logout.LogoutFilter@66e33cea, br.com.fiap.mottooth.security.JwtAuthenticationFilter@1e1e77ed, org.springframework.security.web.savedrequest.RequestCacheAwareFilter@44c74781, org.springframework.security.web.servletapi.SecurityContextHolderAwareRequestFilter@39415641, org.springframework.security.web.authentication.AnonymousAuthenticationFilter@1b67ea5f, org.springframework.security.web.session.SessionManagementFilter@4ead07c1, org.springframework.security.web.access.ExceptionTranslationFilter@6e9197d1, org.springframework.security.web.access.intercept.AuthorizationFilter@5dd02ce0]
2025-11-04T21:57:31.290-03:00  INFO 37521 --- [           main] o.s.s.web.DefaultSecurityFilterChain     : Will secure any request with [org.springframework.security.web.session.DisableEncodeUrlFilter@8e2961, org.springframework.security.web.context.request.async.WebAsyncManagerIntegrationFilter@4ad23216, org.springframework.security.web.context.SecurityContextHolderFilter@633c9699, org.springframework.security.web.header.HeaderWriterFilter@3c79c7fa, org.springframework.web.filter.CorsFilter@4caca1, org.springframework.security.web.authentication.logout.LogoutFilter@43bc1d67, org.springframework.security.web.authentication.UsernamePasswordAuthenticationFilter@243dc57b, org.springframework.security.web.session.ConcurrentSessionFilter@22d2d248, org.springframework.security.web.savedrequest.RequestCacheAwareFilter@56dc6b33, org.springframework.security.web.servletapi.SecurityContextHolderAwareRequestFilter@31373fc1, org.springframework.security.web.authentication.AnonymousAuthenticationFilter@6071132e, org.springframework.security.web.session.SessionManagementFilter@2b3d662e, org.springframework.security.web.access.ExceptionTranslationFilter@10087ad5, org.springframework.security.web.access.intercept.AuthorizationFilter@7e4d93e7]
2025-11-04T21:57:31.747-03:00 DEBUG 37521 --- [           main] s.w.s.m.m.a.RequestMappingHandlerAdapter : ControllerAdvice beans: 0 @ModelAttribute, 0 @InitBinder, 1 RequestBodyAdvice, 1 ResponseBodyAdvice
2025-11-04T21:57:31.802-03:00 DEBUG 37521 --- [           main] .m.m.a.ExceptionHandlerExceptionResolver : ControllerAdvice beans: 2 @ExceptionHandler, 1 ResponseBodyAdvice
2025-11-04T21:57:32.810-03:00  INFO 37521 --- [           main] b.c.f.mottooth.MottoothApplicationTests  : Started MottoothApplicationTests in 18.424 seconds (process running for 21.58)
Hibernate: 
    select
        mm1_0.id_modelo_moto,
        mm1_0.fabricante,
        mm1_0.nome 
    from
        RM556099.tb_modelo_moto mm1_0 
    where
        mm1_0.nome=? 
        and mm1_0.fabricante=? 
    fetch
        first ? rows only
Hibernate: 
    select
        mm1_0.id_modelo_moto,
        mm1_0.fabricante,
        mm1_0.nome 
    from
        RM556099.tb_modelo_moto mm1_0 
    where
        mm1_0.nome=? 
        and mm1_0.fabricante=? 
    fetch
        first ? rows only
Hibernate: 
    select
        mb1_0.id_modelo_beacon,
        mb1_0.fabricante,
        mb1_0.nome 
    from
        RM556099.tb_modelo_beacon mb1_0 
    where
        mb1_0.nome=? 
        and mb1_0.fabricante=? 
    fetch
        first ? rows only
Hibernate: 
    select
        mb1_0.id_modelo_beacon,
        mb1_0.fabricante,
        mb1_0.nome 
    from
        RM556099.tb_modelo_beacon mb1_0 
    where
        mb1_0.nome=? 
        and mb1_0.fabricante=? 
    fetch
        first ? rows only
Hibernate: 
    select
        c1_0.id_cliente,
        c1_0.cpf,
        c1_0.data_cadastro,
        c1_0.email,
        c1_0.nome,
        c1_0.telefone 
    from
        RM556099.tb_cliente c1_0 
    where
        c1_0.cpf=?
Hibernate: 
    select
        c1_0.id_cliente,
        c1_0.cpf,
        c1_0.data_cadastro,
        c1_0.email,
        c1_0.nome,
        c1_0.telefone 
    from
        RM556099.tb_cliente c1_0 
    where
        c1_0.cpf=?
Hibernate: 
    select
        m1_0.id_moto,
        c1_0.id_cliente,
        c1_0.cpf,
        c1_0.data_cadastro,
        c1_0.email,
        c1_0.nome,
        c1_0.telefone,
        m1_0.data_registro,
        mm1_0.id_modelo_moto,
        mm1_0.fabricante,
        mm1_0.nome,
        m1_0.placa 
    from
        RM556099.tb_moto m1_0 
    left join
        RM556099.tb_cliente c1_0 
            on c1_0.id_cliente=m1_0.id_cliente 
    left join
        RM556099.tb_modelo_moto mm1_0 
            on mm1_0.id_modelo_moto=m1_0.id_modelo_moto 
    where
        upper(m1_0.placa)=upper(?)
Hibernate: 
    select
        m1_0.id_moto,
        c1_0.id_cliente,
        c1_0.cpf,
        c1_0.data_cadastro,
        c1_0.email,
        c1_0.nome,
        c1_0.telefone,
        m1_0.data_registro,
        mm1_0.id_modelo_moto,
        mm1_0.fabricante,
        mm1_0.nome,
        m1_0.placa 
    from
        RM556099.tb_moto m1_0 
    left join
        RM556099.tb_cliente c1_0 
            on c1_0.id_cliente=m1_0.id_cliente 
    left join
        RM556099.tb_modelo_moto mm1_0 
            on mm1_0.id_modelo_moto=m1_0.id_modelo_moto 
    where
        upper(m1_0.placa)=upper(?)
Hibernate: 
    select
        b1_0.id_beacon,
        b1_0.bateria,
        b1_0.id_modelo_beacon,
        b1_0.id_moto,
        b1_0.uuid 
    from
        RM556099.tb_beacon b1_0 
    where
        b1_0.uuid=?
Hibernate: 
    select
        b1_0.id_beacon,
        b1_0.bateria,
        b1_0.id_modelo_beacon,
        b1_0.id_moto,
        b1_0.uuid 
    from
        RM556099.tb_beacon b1_0 
    where
        b1_0.uuid=?
Hibernate: 
    select
        p1_0.id_patio,
        p1_0.id_logradouro,
        p1_0.nome 
    from
        RM556099.tb_patio p1_0 
    where
        p1_0.nome=? 
    fetch
        first ? rows only
Hibernate: 
    select
        p1_0.id_patio,
        p1_0.id_logradouro,
        p1_0.nome 
    from
        RM556099.tb_patio p1_0 
    where
        p1_0.nome=? 
    fetch
        first ? rows only
Hibernate: 
    select
        l1_0.id_localizacao,
        l1_0.data_hora,
        l1_0.id_moto,
        l1_0.id_patio,
        l1_0.posicao_x,
        l1_0.posicao_y 
    from
        RM556099.tb_localizacao l1_0 
    where
        l1_0.id_moto=? 
        and l1_0.data_hora=? 
    fetch
        first ? rows only
Hibernate: 
    insert 
    into
        RM556099.tb_localizacao
        (data_hora, id_moto, id_patio, posicao_x, posicao_y, id_localizacao) 
    values
        (?, ?, ?, ?, ?, default)
Hibernate: 
    select
        l1_0.id_localizacao,
        l1_0.data_hora,
        l1_0.id_moto,
        l1_0.id_patio,
        l1_0.posicao_x,
        l1_0.posicao_y 
    from
        RM556099.tb_localizacao l1_0 
    where
        l1_0.id_moto=? 
        and l1_0.data_hora=? 
    fetch
        first ? rows only
Hibernate: 
    insert 
    into
        RM556099.tb_localizacao
        (data_hora, id_moto, id_patio, posicao_x, posicao_y, id_localizacao) 
    values
        (?, ?, ?, ?, ?, default)
Hibernate: 
    select
        l1_0.id_localizacao,
        l1_0.data_hora,
        l1_0.id_moto,
        l1_0.id_patio,
        l1_0.posicao_x,
        l1_0.posicao_y 
    from
        RM556099.tb_localizacao l1_0 
    where
        l1_0.id_moto=? 
        and l1_0.data_hora=? 
    fetch
        first ? rows only
Hibernate: 
    insert 
    into
        RM556099.tb_localizacao
        (data_hora, id_moto, id_patio, posicao_x, posicao_y, id_localizacao) 
    values
        (?, ?, ?, ?, ?, default)
]]></system-out>
    <system-err><![CDATA[WARNING: A Java agent has been loaded dynamically (/home/arthur/.m2/repository/net/bytebuddy/byte-buddy-agent/1.14.12/byte-buddy-agent-1.14.12.jar)
WARNING: If a serviceability tool is in use, please run with -XX:+EnableDynamicAgentLoading to hide this warning
WARNING: If a serviceability tool is not in use, please run with -Djdk.instrument.traceUsage for more information
WARNING: Dynamic loading of agents will be disallowed by default in a future release
]]></system-err>
  </testcase>
</testsuite>